<?xml version="1.0" encoding="UTF-8"?>
<testng-results skipped="0" failed="0" ignored="7" total="8" passed="1">
  <reporter-output>
  </reporter-output>
  <suite name="Default suite" duration-ms="37933" started-at="2018-05-10T09:14:02Z" finished-at="2018-05-10T09:14:40Z">
    <groups>
    </groups>
    <test name="Default test" duration-ms="37933" started-at="2018-05-10T09:14:02Z" finished-at="2018-05-10T09:14:40Z">
      <class name="com.emaua.testcases.InstitutionsPageTest">
        <test-method status="PASS" signature="setUp()[pri:0, instance:com.emaua.testcases.InstitutionsPageTest@604ed9f0]" name="setUp" is-config="true" duration-ms="37657" started-at="2018-05-10T10:14:02Z" finished-at="2018-05-10T10:14:40Z">
          <reporter-output>
          </reporter-output>
        </test-method> <!-- setUp -->
        <test-method status="PASS" signature="verifyInstitutionDetailsPopUpPageCheckCoursesButton()[pri:0, instance:com.emaua.testcases.InstitutionsPageTest@604ed9f0]" name="verifyInstitutionDetailsPopUpPageCheckCoursesButton" duration-ms="249" started-at="2018-05-10T10:14:40Z" finished-at="2018-05-10T10:14:40Z">
          <reporter-output>
          </reporter-output>
        </test-method> <!-- verifyInstitutionDetailsPopUpPageCheckCoursesButton -->
      </class> <!-- com.emaua.testcases.InstitutionsPageTest -->
    </test> <!-- Default test -->
  </suite> <!-- Default suite -->
</testng-results>
