<?xml version="1.0" encoding="UTF-8"?>
<!-- Generated by org.testng.reporters.JUnitXMLReporter -->
<testsuite hostname="Lenovo-Gokhan" ignored="7" name="Default test" tests="1" failures="0" timestamp="10 May 2018 09:14:40 GMT" time="37.933" errors="0">
  <testcase name="verifyInstitutionDetailsPopUpPageCheckCoursesButton" time="0.249" classname="com.emaua.testcases.InstitutionsPageTest"/>
  <testcase name="verifyInstitutionsPageTitleTest" time="0.0" classname="com.emaua.testcases.InstitutionsPageTest">
    <ignored/>
  </testcase> <!-- verifyInstitutionsPageTitleTest -->
  <testcase name="verifyAddInstitutionButtonTest" time="0.0" classname="com.emaua.testcases.InstitutionsPageTest">
    <ignored/>
  </testcase> <!-- verifyAddInstitutionButtonTest -->
  <testcase name="verifyDeleteInstitutionTest" time="0.0" classname="com.emaua.testcases.InstitutionsPageTest">
    <ignored/>
  </testcase> <!-- verifyDeleteInstitutionTest -->
  <testcase name="verifyInstitutionDetailsPopUpPageDisplayed" time="0.0" classname="com.emaua.testcases.InstitutionsPageTest">
    <ignored/>
  </testcase> <!-- verifyInstitutionDetailsPopUpPageDisplayed -->
  <testcase name="verifyPagination" time="0.0" classname="com.emaua.testcases.InstitutionsPageTest">
    <ignored/>
  </testcase> <!-- verifyPagination -->
  <testcase name="verifyAddInstitutionModalTitle" time="0.0" classname="com.emaua.testcases.InstitutionsPageTest">
    <ignored/>
  </testcase> <!-- verifyAddInstitutionModalTitle -->
  <testcase name="verifyEditInstitutionTest" time="0.0" classname="com.emaua.testcases.InstitutionsPageTest">
    <ignored/>
  </testcase> <!-- verifyEditInstitutionTest -->
</testsuite> <!-- Default test -->
